<?xml version="1.0" encoding="UTF-8"?>
<testng-results ignored="0" total="1" passed="1" failed="0" skipped="0">
  <reporter-output>
    <line>
      <![CDATA[No of Rows::12]]>
    </line>
    <line>
      <![CDATA[Login Success::dashboard   http://webapp.qedgetech.com/dashboard.php]]>
    </line>
    <line>
      <![CDATA[Incorrect user ID or password  dashboard   http://webapp.qedgetech.com/login.php]]>
    </line>
    <line>
      <![CDATA[Login Success::dashboard   http://webapp.qedgetech.com/dashboard.php]]>
    </line>
    <line>
      <![CDATA[Incorrect user ID or password  dashboard   http://webapp.qedgetech.com/login.php]]>
    </line>
    <line>
      <![CDATA[Incorrect user ID or password  dashboard   http://webapp.qedgetech.com/login.php]]>
    </line>
    <line>
      <![CDATA[Login Success::dashboard   http://webapp.qedgetech.com/dashboard.php]]>
    </line>
    <line>
      <![CDATA[Login Success::dashboard   http://webapp.qedgetech.com/dashboard.php]]>
    </line>
    <line>
      <![CDATA[Login Success::dashboard   http://webapp.qedgetech.com/dashboard.php]]>
    </line>
    <line>
      <![CDATA[Login Success::dashboard   http://webapp.qedgetech.com/dashboard.php]]>
    </line>
    <line>
      <![CDATA[Incorrect user ID or password  dashboard   http://webapp.qedgetech.com/login.php]]>
    </line>
    <line>
      <![CDATA[Incorrect user ID or password  dashboard   http://webapp.qedgetech.com/login.php]]>
    </line>
    <line>
      <![CDATA[Incorrect user ID or password  dashboard   http://webapp.qedgetech.com/login.php]]>
    </line>
  </reporter-output>
  <suite started-at="2023-12-05T17:22:09 CET" name="Surefire suite" finished-at="2023-12-05T17:23:29 CET" duration-ms="79918">
    <groups>
    </groups>
    <test started-at="2023-12-05T17:22:09 CET" name="Surefire test" finished-at="2023-12-05T17:23:29 CET" duration-ms="79918">
      <class name="driverFactory.AppTest">
        <test-method is-config="true" signature="setUp()[pri:0, instance:driverFactory.AppTest@6973bf95]" started-at="2023-12-05T17:22:09 CET" name="setUp" finished-at="2023-12-05T17:22:14 CET" duration-ms="5514" status="PASS">
          <reporter-output>
          </reporter-output>
        </test-method> <!-- setUp -->
        <test-method signature="startTest()[pri:0, instance:driverFactory.AppTest@6973bf95]" started-at="2023-12-05T17:22:14 CET" name="startTest" finished-at="2023-12-05T17:23:28 CET" duration-ms="74127" status="PASS">
          <reporter-output>
            <line>
              <![CDATA[No of Rows::12]]>
            </line>
            <line>
              <![CDATA[Login Success::dashboard   http://webapp.qedgetech.com/dashboard.php]]>
            </line>
            <line>
              <![CDATA[Incorrect user ID or password  dashboard   http://webapp.qedgetech.com/login.php]]>
            </line>
            <line>
              <![CDATA[Login Success::dashboard   http://webapp.qedgetech.com/dashboard.php]]>
            </line>
            <line>
              <![CDATA[Incorrect user ID or password  dashboard   http://webapp.qedgetech.com/login.php]]>
            </line>
            <line>
              <![CDATA[Incorrect user ID or password  dashboard   http://webapp.qedgetech.com/login.php]]>
            </line>
            <line>
              <![CDATA[Login Success::dashboard   http://webapp.qedgetech.com/dashboard.php]]>
            </line>
            <line>
              <![CDATA[Login Success::dashboard   http://webapp.qedgetech.com/dashboard.php]]>
            </line>
            <line>
              <![CDATA[Login Success::dashboard   http://webapp.qedgetech.com/dashboard.php]]>
            </line>
            <line>
              <![CDATA[Login Success::dashboard   http://webapp.qedgetech.com/dashboard.php]]>
            </line>
            <line>
              <![CDATA[Incorrect user ID or password  dashboard   http://webapp.qedgetech.com/login.php]]>
            </line>
            <line>
              <![CDATA[Incorrect user ID or password  dashboard   http://webapp.qedgetech.com/login.php]]>
            </line>
            <line>
              <![CDATA[Incorrect user ID or password  dashboard   http://webapp.qedgetech.com/login.php]]>
            </line>
          </reporter-output>
        </test-method> <!-- startTest -->
        <test-method is-config="true" signature="tearDown()[pri:0, instance:driverFactory.AppTest@6973bf95]" started-at="2023-12-05T17:23:28 CET" name="tearDown" finished-at="2023-12-05T17:23:29 CET" duration-ms="257" status="PASS">
          <reporter-output>
          </reporter-output>
        </test-method> <!-- tearDown -->
      </class> <!-- driverFactory.AppTest -->
    </test> <!-- Surefire test -->
  </suite> <!-- Surefire suite -->
</testng-results>
